<?xml version="1.0" encoding="UTF-8"?>
<!-- Generated by org.testng.reporters.JUnitReportReporter -->
<testsuite hostname="LAPTOP-6T9H00EH" failures="0" tests="1" name="testcase.Tc_004_Search" time="0.618" errors="0" timestamp="2024-10-30T23:05:40 NPT" skipped="0">
  <testcase classname="testcase.Tc_004_Search" name="verify_pruductSearch" time="0.618"/>
</testsuite> <!-- testcase.Tc_004_Search -->
