<?xml version="1.0" encoding="UTF-8"?>
<!-- Generated by org.testng.reporters.JUnitReportReporter -->
<testsuite hostname="LAPTOP-6T9H00EH" failures="0" tests="2" name="testcase.TC_001AccountRegistrationTest" time="3.631" errors="0" timestamp="2024-10-23T08:49:32 NPT" skipped="0">
  <testcase classname="testcase.TC_001AccountRegistrationTest" name="test" time="1.980"/>
  <testcase classname="testcase.TC_001AccountRegistrationTest" name="test" time="1.651"/>
</testsuite> <!-- testcase.TC_001AccountRegistrationTest -->
