<?xml version="1.0" encoding="UTF-8"?>
<!-- Generated by org.testng.reporters.JUnitReportReporter -->
<testsuite hostname="LAPTOP-6T9H00EH" failures="0" tests="1" name="testcase.TC_002LoginTest" time="1.672" errors="0" timestamp="2024-10-23T19:36:13 NPT" skipped="0">
  <testcase classname="testcase.TC_002LoginTest" name="verify_login" time="1.672"/>
</testsuite> <!-- testcase.TC_002LoginTest -->
