<?xml version="1.0" encoding="UTF-8"?>
<!-- Generated by org.testng.reporters.JUnitReportReporter -->
<testsuite hostname="LAPTOP-6T9H00EH" failures="0" tests="1" name="testcase.TC_001AccountRegistrationTest" time="2.174" errors="0" timestamp="2024-10-23T19:36:13 NPT" skipped="0">
  <testcase classname="testcase.TC_001AccountRegistrationTest" name="test" time="2.174"/>
</testsuite> <!-- testcase.TC_001AccountRegistrationTest -->
